make[1]: 正在进入目录 `/home/youxiaofeng/GP_S2_x/NVT_NA51023_BSP/NA51023_BSP/u-boot'
make[1]:正在离开目录 `/home/youxiaofeng/GP_S2_x/NVT_NA51023_BSP/NA51023_BSP/u-boot'
make[1]: 正在进入目录 `/home/youxiaofeng/GP_S2_x/NVT_NA51023_BSP/NA51023_BSP/u-boot'
Configuring for nvt-na51023 board...
make[1]:正在离开目录 `/home/youxiaofeng/GP_S2_x/NVT_NA51023_BSP/NA51023_BSP/u-boot'
make[1]: 正在进入目录 `/home/youxiaofeng/GP_S2_x/NVT_NA51023_BSP/NA51023_BSP/u-boot'
  GEN     include/autoconf.mk.dep
  GEN     include/autoconf.mk
make[1]:正在离开目录 `/home/youxiaofeng/GP_S2_x/NVT_NA51023_BSP/NA51023_BSP/u-boot'
make[1]: 正在进入目录 `/home/youxiaofeng/GP_S2_x/NVT_NA51023_BSP/NA51023_BSP/u-boot'
  CHK     include/config/uboot.release
  UPD     include/config/uboot.release
  CHK     include/generated/version_autogenerated.h
  UPD     include/generated/version_autogenerated.h
  CHK     include/generated/timestamp_autogenerated.h
  UPD     include/generated/timestamp_autogenerated.h
  HOSTCC  scripts/basic/fixdep
  CC      lib/asm-offsets.s
  GEN     include/generated/generic-asm-offsets.h
  HOSTCC  tools/aisimage.o
  HOSTCC  tools/atmelimage.o
  WRAP    tools/common/bootm.c
  HOSTCC  tools/common/bootm.o
  WRAP    tools/common/image-fit.c
  HOSTCC  tools/common/image-fit.o
  WRAP    tools/common/image.c
  HOSTCC  tools/common/image.o
  HOSTCC  tools/default_image.o
  HOSTCC  tools/dumpimage.o
  HOSTCC  tools/fit_common.o
  HOSTCC  tools/fit_image.o
  HOSTCC  tools/gpimage-common.o
  HOSTCC  tools/gpimage.o
  HOSTCC  tools/image-host.o
  HOSTCC  tools/imagetool.o
  HOSTCC  tools/imximage.o
  HOSTCC  tools/kwbimage.o
  WRAP    tools/lib/crc32.c
  HOSTCC  tools/lib/crc32.o
  WRAP    tools/lib/fdtdec.c
  HOSTCC  tools/lib/fdtdec.o
  WRAP    tools/lib/fdtdec_common.c
  HOSTCC  tools/lib/fdtdec_common.o
  WRAP    tools/lib/libfdt/fdt.c
  HOSTCC  tools/lib/libfdt/fdt.o
  WRAP    tools/lib/libfdt/fdt_ro.c
  HOSTCC  tools/lib/libfdt/fdt_ro.o
  WRAP    tools/lib/libfdt/fdt_rw.c
  HOSTCC  tools/lib/libfdt/fdt_rw.o
  WRAP    tools/lib/libfdt/fdt_strerror.c
  HOSTCC  tools/lib/libfdt/fdt_strerror.o
  WRAP    tools/lib/libfdt/fdt_wip.c
  HOSTCC  tools/lib/libfdt/fdt_wip.o
  WRAP    tools/lib/md5.c
  HOSTCC  tools/lib/md5.o
  WRAP    tools/lib/sha1.c
  HOSTCC  tools/lib/sha1.o
  WRAP    tools/lib/sha256.c
  HOSTCC  tools/lib/sha256.o
  HOSTCC  tools/mkenvimage.o
  HOSTCC  tools/mkimage.o
  HOSTCC  tools/mxsimage.o
  HOSTCC  tools/omapimage.o
  HOSTCC  tools/os_support.o
  HOSTCC  tools/pbl_crc32.o
  HOSTCC  tools/pblimage.o
  HOSTCC  tools/ublimage.o
  HOSTLD  tools/mkenvimage
  HOSTLD  tools/dumpimage
  HOSTLD  tools/mkimage
  HOSTCC  tools/proftool
  AS      arch/mips/cpu/mips32/cache.o
  CC      arch/mips/cpu/mips32/cpu.o
  CC      arch/mips/cpu/mips32/interrupts.o
  CC      arch/mips/cpu/mips32/time.o
  LD      arch/mips/cpu/mips32/built-in.o
  AS      arch/mips/cpu/mips32/start.o
  CC      arch/mips/cpu/mips32/nvt-na51023/na51023_serial.o
  LD      arch/mips/cpu/mips32/nvt-na51023/built-in.o
  CC      arch/mips/lib/board.o
  CC      arch/mips/lib/io.o
  CC      arch/mips/lib/bootm.o
  LD      arch/mips/lib/built-in.o
  AR      arch/mips/lib/lib.a
  CC      board/novatek/nvt-na51023/na51023evb.o
  AS      board/novatek/nvt-na51023/lowlevel_init.o
  CC      board/novatek/nvt-na51023/na51023_utils.o
  CC      board/novatek/nvt-na51023/nvt_common.o
  CC      board/novatek/nvt-na51023/nvtpack.o
  CC      board/novatek/nvt-na51023/nvt_headinfo.o
  CC      board/novatek/nvt-na51023/gxdsp.o
  CC      board/novatek/nvt-na51023/drv/interrupt.o
  CC      board/novatek/nvt-na51023/nvt_ipc.o
  CC      board/novatek/nvt-na51023/drv/pinmux.o
  CC      board/novatek/nvt-na51023/nvt_fw_update.o
  CC      board/novatek/nvt-na51023/cc/cc.o
  CC      board/novatek/nvt-na51023/drv/pll.o
  CC      board/novatek/nvt-na51023/drv/dma.o
  CC      board/novatek/nvt-na51023/drv/pmc.o
  CC      board/novatek/nvt-na51023/dsp/dsp.o
  CC      board/novatek/nvt-na51023/drv/iocfg.o
  CC      board/novatek/nvt-na51023/drv/rtc.o
  CC      board/novatek/nvt-na51023/drv/pwm.o
  LD      board/novatek/nvt-na51023/built-in.o
  CC      common/main.o
  CC      common/command.o
  CC      common/exports.o
  CC      common/hash.o
  CC      common/cli_simple.o
  CC      common/cli.o
  CC      common/cli_readline.o
  CC      common/s_record.o
  CC      common/xyzModem.o
  CC      common/cmd_disk.o
  CC      common/autoboot.o
  CC      common/image-sparse.o
  CC      common/cmd_boot.o
  CC      common/cmd_bootm.o
  CC      common/bootm.o
  CC      common/bootm_os.o
  CC      common/cmd_help.o
  CC      common/cmd_version.o
  CC      common/env_attr.o
  CC      common/env_callback.o
  CC      common/env_flags.o
  CC      common/env_nowhere.o
  CC      common/cmd_fat.o
  CC      common/cmd_exfat.o
  CC      common/cmd_load.o
  CC      common/cmd_mem.o
  CC      common/cmd_mmc.o
  CC      common/cmd_mtdparts.o
  CC      common/cmd_pcmcia.o
  CC      common/cmd_sf.o
  CC      common/flash.o
  CC      common/splash.o
  CC      common/cmd_nvedit.o
  CC      common/env_common.o
  CC      common/console.o
  CC      common/dlmalloc.o
  CC      common/image.o
  CC      common/memsize.o
  CC      common/stdio.o
  LD      common/built-in.o
  CC      disk/part.o
  CC      disk/part_dos.o
  LD      disk/built-in.o
  LD      drivers/block/built-in.o
  LD      drivers/crypto/built-in.o
  LD      drivers/dfu/built-in.o
  LD      drivers/hwmon/built-in.o
  LD      drivers/memory/built-in.o
  LD      drivers/misc/built-in.o
  CC      drivers/pcmcia/tqm8xx_pcmcia.o
  LD      drivers/pcmcia/built-in.o
  CC      drivers/rtc/date.o
  LD      drivers/rtc/built-in.o
  LD      drivers/sound/built-in.o
  LD      drivers/tpm/built-in.o
  LD      drivers/twserial/built-in.o
  LD      drivers/video/built-in.o
  LD      drivers/watchdog/built-in.o
  LD      drivers/built-in.o
  LD      drivers/dma/built-in.o
  LD      drivers/gpio/built-in.o
  LD      drivers/i2c/built-in.o
  CC      drivers/input/input.o
  LD      drivers/input/built-in.o
  CC      drivers/mmc/mmc.o
  CC      drivers/mmc/sdhci.o
  CC      drivers/mmc/mmc_write.o
  CC      drivers/mmc/na51023_mmc.o
  LD      drivers/mmc/built-in.o
  CC      drivers/mtd/mtdcore.o
  CC      drivers/mtd/mtdpart.o
  LD      drivers/mtd/built-in.o
  CC      drivers/mtd/nvt_flash_spi/nand_cmd.o
  CC      drivers/mtd/nvt_flash_spi/nand_host.o
  LD      drivers/mtd/nvt_flash_spi/built-in.o
  LD      drivers/mtd/onenand/built-in.o
  CC      drivers/mtd/spiflash/spinor.o
  LD      drivers/mtd/spiflash/built-in.o
  CC      drivers/net/eth_na51023.o
  LD      drivers/net/built-in.o
  LD      drivers/net/phy/built-in.o
  LD      drivers/pci/built-in.o
  LD      drivers/power/built-in.o
  LD      drivers/power/battery/built-in.o
  LD      drivers/power/fuel_gauge/built-in.o
  LD      drivers/power/mfd/built-in.o
  LD      drivers/power/pmic/built-in.o
  CC      drivers/serial/serial.o
  LD      drivers/serial/built-in.o
  CC      drivers/spi/spi.o
  LD      drivers/spi/built-in.o
  LD      drivers/usb/eth/built-in.o
  LD      drivers/usb/gadget/built-in.o
  LD      drivers/usb/host/built-in.o
  LD      drivers/usb/musb-new/built-in.o
  LD      drivers/usb/musb/built-in.o
  LD      drivers/usb/phy/built-in.o
  LD      drivers/usb/ulpi/built-in.o
  CC      fs/fs.o
  LD      fs/exfat/built-in.o
  CC      fs/fat/fat_write.o
  CC      fs/fat/file.o
  LD      fs/fat/built-in.o
  LD      fs/built-in.o
  CC      lib/lzma/LzmaDec.o
  CC      lib/lzma/LzmaTools.o
  LD      lib/lzma/built-in.o
  CC      lib/lzo/lzo1x_decompress.o
  LD      lib/lzo/built-in.o
  CC      lib/zlib/zlib.o
  LD      lib/zlib/built-in.o
  CC      lib/crc7.o
  CC      lib/crc8.o
  CC      lib/crc16.o
  CC      lib/gunzip.o
  CC      lib/initcall.o
  CC      lib/lmb.o
  CC      lib/ldiv.o
  CC      lib/md5.o
  CC      lib/net_utils.o
  CC      lib/qsort.o
  CC      lib/strmhz.o
  CC      lib/hashtable.o
  CC      lib/errno.o
  CC      lib/display_options.o
  CC      lib/crc32.o
  CC      lib/ctype.o
  CC      lib/div64.o
  CC      lib/hang.o
  CC      lib/linux_string.o
  CC      lib/string.o
  CC      lib/time.o
  CC      lib/vsprintf.o
  LD      lib/built-in.o
  LD      lib/libfdt/built-in.o
  LD      net/built-in.o
  LD      test/built-in.o
  LD      test/dm/built-in.o
  CC      examples/standalone/stubs.o
  LD      examples/standalone/libstubs.o
  CC      examples/standalone/hello_world.o
  LD      examples/standalone/hello_world
  OBJCOPY examples/standalone/hello_world.srec
  OBJCOPY examples/standalone/hello_world.bin
  LDS     u-boot.lds
  LD      u-boot
  OBJCOPY u-boot.srec
  OBJCOPY u-boot.bin
/opt/mipsel-24kec-linux-glibc-4.9-2017.08/usr/bin/mipsel-24kec-linux-gnu-objdump -xd u-boot > u-boot.dis
/opt/mipsel-24kec-linux-glibc-4.9-2017.08/usr/bin/mipsel-24kec-linux-gnu-gcc
/opt/mipsel-24kec-linux-glibc-4.9-2017.08/usr/bin/mipsel-24kec-linux-gnu-objcopy -j .text -j .rodata -j .data -j .got -j .u_boot_list -j .rel.dyn -j .START_UP -j .CODE_INFO -j .BIN_INFO -j .BIN_END --gap-fill=0xff u-boot.srec all
make[1]:正在离开目录 `/home/youxiaofeng/GP_S2_x/NVT_NA51023_BSP/NA51023_BSP/u-boot'
make[1]: 正在进入目录 `/home/youxiaofeng/GP_S2_x/NVT_NA51023_BSP/NA51023_BSP/u-boot'
  HOSTCC  tools/env/aes.o
  HOSTCC  tools/env/crc32.o
  HOSTCC  tools/env/ctype.o
  HOSTCC  tools/env/env_attr.o
  HOSTCC  tools/env/env_flags.o
  HOSTCC  tools/env/fw_env.o
  HOSTCC  tools/env/fw_env_main.o
  HOSTCC  tools/env/linux_string.o
  HOSTLD  tools/env/fw_printenv_unstripped
  STRIP   tools/env/fw_printenv
make[1]:正在离开目录 `/home/youxiaofeng/GP_S2_x/NVT_NA51023_BSP/NA51023_BSP/u-boot'
